c:\users\sk_kh_r8q2uw\desktop\sk\study n stuff\２年生\dx21プロジェクト\後期\3校合同コンテスト\dx22_3校合同\x64\release\vc141.pdb
c:\users\sk_kh_r8q2uw\desktop\sk\study n stuff\２年生\dx21プロジェクト\後期\3校合同コンテスト\dx22_3校合同\x64\release\meshfield.obj
c:\users\sk_kh_r8q2uw\desktop\sk\study n stuff\２年生\dx21プロジェクト\後期\3校合同コンテスト\dx22_3校合同\x64\release\main.obj
c:\users\sk_kh_r8q2uw\desktop\sk\study n stuff\２年生\dx21プロジェクト\後期\3校合同コンテスト\dx22_3校合同\x64\release\keyboard.obj
c:\users\sk_kh_r8q2uw\desktop\sk\study n stuff\２年生\dx21プロジェクト\後期\3校合同コンテスト\dx22_3校合同\x64\release\inputx.obj
c:\users\sk_kh_r8q2uw\desktop\sk\study n stuff\２年生\dx21プロジェクト\後期\3校合同コンテスト\dx22_3校合同\x64\release\inputcontroller.obj
c:\users\sk_kh_r8q2uw\desktop\sk\study n stuff\２年生\dx21プロジェクト\後期\3校合同コンテスト\dx22_3校合同\x64\release\ground.obj
c:\users\sk_kh_r8q2uw\desktop\sk\study n stuff\２年生\dx21プロジェクト\後期\3校合同コンテスト\dx22_3校合同\x64\release\game.obj
c:\users\sk_kh_r8q2uw\desktop\sk\study n stuff\２年生\dx21プロジェクト\後期\3校合同コンテスト\dx22_3校合同\x64\release\floatring.obj
c:\users\sk_kh_r8q2uw\desktop\sk\study n stuff\２年生\dx21プロジェクト\後期\3校合同コンテスト\dx22_3校合同\x64\release\fade.obj
c:\users\sk_kh_r8q2uw\desktop\sk\study n stuff\２年生\dx21プロジェクト\後期\3校合同コンテスト\dx22_3校合同\x64\release\explosion.obj
c:\users\sk_kh_r8q2uw\desktop\sk\study n stuff\２年生\dx21プロジェクト\後期\3校合同コンテスト\dx22_3校合同\x64\release\enemysummon.obj
c:\users\sk_kh_r8q2uw\desktop\sk\study n stuff\２年生\dx21プロジェクト\後期\3校合同コンテスト\dx22_3校合同\x64\release\enemybullet.obj
c:\users\sk_kh_r8q2uw\desktop\sk\study n stuff\２年生\dx21プロジェクト\後期\3校合同コンテスト\dx22_3校合同\x64\release\enemy.obj
c:\users\sk_kh_r8q2uw\desktop\sk\study n stuff\２年生\dx21プロジェクト\後期\3校合同コンテスト\dx22_3校合同\x64\release\collision.obj
c:\users\sk_kh_r8q2uw\desktop\sk\study n stuff\２年生\dx21プロジェクト\後期\3校合同コンテスト\dx22_3校合同\x64\release\camera.obj
c:\users\sk_kh_r8q2uw\desktop\sk\study n stuff\２年生\dx21プロジェクト\後期\3校合同コンテスト\dx22_3校合同\x64\release\bullet.obj
c:\users\sk_kh_r8q2uw\desktop\sk\study n stuff\２年生\dx21プロジェクト\後期\3校合同コンテスト\dx22_3校合同\x64\release\dome.obj
c:\users\sk_kh_r8q2uw\desktop\sk\study n stuff\２年生\dx21プロジェクト\後期\3校合同コンテスト\dx22_3校合同\x64\release\characterselect.obj
c:\users\sk_kh_r8q2uw\desktop\sk\study n stuff\２年生\dx21プロジェクト\後期\3校合同コンテスト\dx22_3校合同\x64\release\ball.obj
c:\users\sk_kh_r8q2uw\desktop\sk\study n stuff\２年生\dx21プロジェクト\後期\3校合同コンテスト\dx22_3校合同\x64\release\abilities.obj
c:\users\sk_kh_r8q2uw\desktop\sk\study n stuff\２年生\dx21プロジェクト\後期\3校合同コンテスト\dx22_3校合同\x64\release\ui.obj
c:\users\sk_kh_r8q2uw\desktop\sk\study n stuff\２年生\dx21プロジェクト\後期\3校合同コンテスト\dx22_3校合同\x64\release\title.obj
c:\users\sk_kh_r8q2uw\desktop\sk\study n stuff\２年生\dx21プロジェクト\後期\3校合同コンテスト\dx22_3校合同\x64\release\texture.obj
c:\users\sk_kh_r8q2uw\desktop\sk\study n stuff\２年生\dx21プロジェクト\後期\3校合同コンテスト\dx22_3校合同\x64\release\sword.obj
c:\users\sk_kh_r8q2uw\desktop\sk\study n stuff\２年生\dx21プロジェクト\後期\3校合同コンテスト\dx22_3校合同\x64\release\soundreader.obj
c:\users\sk_kh_r8q2uw\desktop\sk\study n stuff\２年生\dx21プロジェクト\後期\3校合同コンテスト\dx22_3校合同\x64\release\sound.obj
c:\users\sk_kh_r8q2uw\desktop\sk\study n stuff\２年生\dx21プロジェクト\後期\3校合同コンテスト\dx22_3校合同\x64\release\shadow.obj
c:\users\sk_kh_r8q2uw\desktop\sk\study n stuff\２年生\dx21プロジェクト\後期\3校合同コンテスト\dx22_3校合同\x64\release\selectstage.obj
c:\users\sk_kh_r8q2uw\desktop\sk\study n stuff\２年生\dx21プロジェクト\後期\3校合同コンテスト\dx22_3校合同\x64\release\scene.obj
c:\users\sk_kh_r8q2uw\desktop\sk\study n stuff\２年生\dx21プロジェクト\後期\3校合同コンテスト\dx22_3校合同\x64\release\result.obj
c:\users\sk_kh_r8q2uw\desktop\sk\study n stuff\２年生\dx21プロジェクト\後期\3校合同コンテスト\dx22_3校合同\x64\release\renderer.obj
c:\users\sk_kh_r8q2uw\desktop\sk\study n stuff\２年生\dx21プロジェクト\後期\3校合同コンテスト\dx22_3校合同\x64\release\pointer.obj
c:\users\sk_kh_r8q2uw\desktop\sk\study n stuff\２年生\dx21プロジェクト\後期\3校合同コンテスト\dx22_3校合同\x64\release\player.obj
c:\users\sk_kh_r8q2uw\desktop\sk\study n stuff\２年生\dx21プロジェクト\後期\3校合同コンテスト\dx22_3校合同\x64\release\object.obj
c:\users\sk_kh_r8q2uw\desktop\sk\study n stuff\２年生\dx21プロジェクト\後期\3校合同コンテスト\dx22_3校合同\x64\release\number.obj
c:\users\sk_kh_r8q2uw\desktop\sk\study n stuff\２年生\dx21プロジェクト\後期\3校合同コンテスト\dx22_3校合同\x64\release\mouse.obj
c:\users\sk_kh_r8q2uw\desktop\sk\study n stuff\２年生\dx21プロジェクト\後期\3校合同コンテスト\dx22_3校合同\x64\release\modelreader.obj
c:\users\sk_kh_r8q2uw\desktop\sk\study n stuff\２年生\dx21プロジェクト\後期\3校合同コンテスト\dx22_3校合同\x64\release\model.obj
c:\users\sk_kh_r8q2uw\desktop\sk\study n stuff\２年生\dx21プロジェクト\後期\3校合同コンテスト\dx22_3校合同\x64\release\sample.exe
c:\users\sk_kh_r8q2uw\desktop\sk\study n stuff\２年生\dx21プロジェクト\後期\3校合同コンテスト\dx22_3校合同\x64\release\sample.pdb
c:\users\sk_kh_r8q2uw\desktop\sk\study n stuff\２年生\dx21プロジェクト\後期\3校合同コンテスト\dx22_3校合同\x64\release\sample.ipdb
c:\users\sk_kh_r8q2uw\desktop\sk\study n stuff\２年生\dx21プロジェクト\後期\3校合同コンテスト\dx22_3校合同\x64\release\sample.iobj
c:\users\sk_kh_r8q2uw\desktop\sk\study n stuff\２年生\dx21プロジェクト\後期\3校合同コンテスト\dx22_3校合同\x64\release\sample.tlog\cl.command.1.tlog
c:\users\sk_kh_r8q2uw\desktop\sk\study n stuff\２年生\dx21プロジェクト\後期\3校合同コンテスト\dx22_3校合同\x64\release\sample.tlog\cl.read.1.tlog
c:\users\sk_kh_r8q2uw\desktop\sk\study n stuff\２年生\dx21プロジェクト\後期\3校合同コンテスト\dx22_3校合同\x64\release\sample.tlog\cl.write.1.tlog
c:\users\sk_kh_r8q2uw\desktop\sk\study n stuff\２年生\dx21プロジェクト\後期\3校合同コンテスト\dx22_3校合同\x64\release\sample.tlog\link.command.1.tlog
c:\users\sk_kh_r8q2uw\desktop\sk\study n stuff\２年生\dx21プロジェクト\後期\3校合同コンテスト\dx22_3校合同\x64\release\sample.tlog\link.read.1.tlog
c:\users\sk_kh_r8q2uw\desktop\sk\study n stuff\２年生\dx21プロジェクト\後期\3校合同コンテスト\dx22_3校合同\x64\release\sample.tlog\link.write.1.tlog
c:\users\sk_kh_r8q2uw\desktop\sk\study n stuff\２年生\dx21プロジェクト\後期\3校合同コンテスト\dx22_3校合同\x64\release\sample.tlog\sample.write.1u.tlog
