c:\users\sk_kh_r8q2uw\desktop\sk\study n stuff\２年生\dx21プロジェクト\後期\3校合同コンテスト\dx22_3校合同\x64\debug\vc141.pdb
c:\users\sk_kh_r8q2uw\desktop\sk\study n stuff\２年生\dx21プロジェクト\後期\3校合同コンテスト\dx22_3校合同\x64\debug\vc141.idb
c:\users\sk_kh_r8q2uw\desktop\sk\study n stuff\２年生\dx21プロジェクト\後期\3校合同コンテスト\dx22_3校合同\x64\debug\meshfield.obj
c:\users\sk_kh_r8q2uw\desktop\sk\study n stuff\２年生\dx21プロジェクト\後期\3校合同コンテスト\dx22_3校合同\x64\debug\main.obj
c:\users\sk_kh_r8q2uw\desktop\sk\study n stuff\２年生\dx21プロジェクト\後期\3校合同コンテスト\dx22_3校合同\x64\debug\keyboard.obj
c:\users\sk_kh_r8q2uw\desktop\sk\study n stuff\２年生\dx21プロジェクト\後期\3校合同コンテスト\dx22_3校合同\x64\debug\inputx.obj
c:\users\sk_kh_r8q2uw\desktop\sk\study n stuff\２年生\dx21プロジェクト\後期\3校合同コンテスト\dx22_3校合同\x64\debug\inputcontroller.obj
c:\users\sk_kh_r8q2uw\desktop\sk\study n stuff\２年生\dx21プロジェクト\後期\3校合同コンテスト\dx22_3校合同\x64\debug\ground.obj
c:\users\sk_kh_r8q2uw\desktop\sk\study n stuff\２年生\dx21プロジェクト\後期\3校合同コンテスト\dx22_3校合同\x64\debug\game.obj
c:\users\sk_kh_r8q2uw\desktop\sk\study n stuff\２年生\dx21プロジェクト\後期\3校合同コンテスト\dx22_3校合同\x64\debug\floatring.obj
c:\users\sk_kh_r8q2uw\desktop\sk\study n stuff\２年生\dx21プロジェクト\後期\3校合同コンテスト\dx22_3校合同\x64\debug\fade.obj
c:\users\sk_kh_r8q2uw\desktop\sk\study n stuff\２年生\dx21プロジェクト\後期\3校合同コンテスト\dx22_3校合同\x64\debug\explosion.obj
c:\users\sk_kh_r8q2uw\desktop\sk\study n stuff\２年生\dx21プロジェクト\後期\3校合同コンテスト\dx22_3校合同\x64\debug\enemysummon.obj
c:\users\sk_kh_r8q2uw\desktop\sk\study n stuff\２年生\dx21プロジェクト\後期\3校合同コンテスト\dx22_3校合同\x64\debug\enemybullet.obj
c:\users\sk_kh_r8q2uw\desktop\sk\study n stuff\２年生\dx21プロジェクト\後期\3校合同コンテスト\dx22_3校合同\x64\debug\enemy.obj
c:\users\sk_kh_r8q2uw\desktop\sk\study n stuff\２年生\dx21プロジェクト\後期\3校合同コンテスト\dx22_3校合同\x64\debug\collision.obj
c:\users\sk_kh_r8q2uw\desktop\sk\study n stuff\２年生\dx21プロジェクト\後期\3校合同コンテスト\dx22_3校合同\x64\debug\camera.obj
c:\users\sk_kh_r8q2uw\desktop\sk\study n stuff\２年生\dx21プロジェクト\後期\3校合同コンテスト\dx22_3校合同\x64\debug\bullet.obj
c:\users\sk_kh_r8q2uw\desktop\sk\study n stuff\２年生\dx21プロジェクト\後期\3校合同コンテスト\dx22_3校合同\x64\debug\dome.obj
c:\users\sk_kh_r8q2uw\desktop\sk\study n stuff\２年生\dx21プロジェクト\後期\3校合同コンテスト\dx22_3校合同\x64\debug\characterselect.obj
c:\users\sk_kh_r8q2uw\desktop\sk\study n stuff\２年生\dx21プロジェクト\後期\3校合同コンテスト\dx22_3校合同\x64\debug\ball.obj
c:\users\sk_kh_r8q2uw\desktop\sk\study n stuff\２年生\dx21プロジェクト\後期\3校合同コンテスト\dx22_3校合同\x64\debug\abilities.obj
c:\users\sk_kh_r8q2uw\desktop\sk\study n stuff\２年生\dx21プロジェクト\後期\3校合同コンテスト\dx22_3校合同\x64\debug\ui.obj
c:\users\sk_kh_r8q2uw\desktop\sk\study n stuff\２年生\dx21プロジェクト\後期\3校合同コンテスト\dx22_3校合同\x64\debug\title.obj
c:\users\sk_kh_r8q2uw\desktop\sk\study n stuff\２年生\dx21プロジェクト\後期\3校合同コンテスト\dx22_3校合同\x64\debug\texture.obj
c:\users\sk_kh_r8q2uw\desktop\sk\study n stuff\２年生\dx21プロジェクト\後期\3校合同コンテスト\dx22_3校合同\x64\debug\sword.obj
c:\users\sk_kh_r8q2uw\desktop\sk\study n stuff\２年生\dx21プロジェクト\後期\3校合同コンテスト\dx22_3校合同\x64\debug\soundreader.obj
c:\users\sk_kh_r8q2uw\desktop\sk\study n stuff\２年生\dx21プロジェクト\後期\3校合同コンテスト\dx22_3校合同\x64\debug\sound.obj
c:\users\sk_kh_r8q2uw\desktop\sk\study n stuff\２年生\dx21プロジェクト\後期\3校合同コンテスト\dx22_3校合同\x64\debug\shadow.obj
c:\users\sk_kh_r8q2uw\desktop\sk\study n stuff\２年生\dx21プロジェクト\後期\3校合同コンテスト\dx22_3校合同\x64\debug\selectstage.obj
c:\users\sk_kh_r8q2uw\desktop\sk\study n stuff\２年生\dx21プロジェクト\後期\3校合同コンテスト\dx22_3校合同\x64\debug\scene.obj
c:\users\sk_kh_r8q2uw\desktop\sk\study n stuff\２年生\dx21プロジェクト\後期\3校合同コンテスト\dx22_3校合同\x64\debug\result.obj
c:\users\sk_kh_r8q2uw\desktop\sk\study n stuff\２年生\dx21プロジェクト\後期\3校合同コンテスト\dx22_3校合同\x64\debug\renderer.obj
c:\users\sk_kh_r8q2uw\desktop\sk\study n stuff\２年生\dx21プロジェクト\後期\3校合同コンテスト\dx22_3校合同\x64\debug\pointer.obj
c:\users\sk_kh_r8q2uw\desktop\sk\study n stuff\２年生\dx21プロジェクト\後期\3校合同コンテスト\dx22_3校合同\x64\debug\player.obj
c:\users\sk_kh_r8q2uw\desktop\sk\study n stuff\２年生\dx21プロジェクト\後期\3校合同コンテスト\dx22_3校合同\x64\debug\object.obj
c:\users\sk_kh_r8q2uw\desktop\sk\study n stuff\２年生\dx21プロジェクト\後期\3校合同コンテスト\dx22_3校合同\x64\debug\number.obj
c:\users\sk_kh_r8q2uw\desktop\sk\study n stuff\２年生\dx21プロジェクト\後期\3校合同コンテスト\dx22_3校合同\x64\debug\mouse.obj
c:\users\sk_kh_r8q2uw\desktop\sk\study n stuff\２年生\dx21プロジェクト\後期\3校合同コンテスト\dx22_3校合同\x64\debug\modelreader.obj
c:\users\sk_kh_r8q2uw\desktop\sk\study n stuff\２年生\dx21プロジェクト\後期\3校合同コンテスト\dx22_3校合同\x64\debug\model.obj
c:\users\sk_kh_r8q2uw\desktop\sk\study n stuff\２年生\dx21プロジェクト\後期\3校合同コンテスト\dx22_3校合同\x64\debug\sample.exe
c:\users\sk_kh_r8q2uw\desktop\sk\study n stuff\２年生\dx21プロジェクト\後期\3校合同コンテスト\dx22_3校合同\x64\debug\sample.ilk
c:\users\sk_kh_r8q2uw\desktop\sk\study n stuff\２年生\dx21プロジェクト\後期\3校合同コンテスト\dx22_3校合同\x64\debug\sample.pdb
c:\users\sk_kh_r8q2uw\desktop\sk\study n stuff\２年生\dx21プロジェクト\後期\3校合同コンテスト\dx22_3校合同\x64\debug\sample.tlog\cl.command.1.tlog
c:\users\sk_kh_r8q2uw\desktop\sk\study n stuff\２年生\dx21プロジェクト\後期\3校合同コンテスト\dx22_3校合同\x64\debug\sample.tlog\cl.read.1.tlog
c:\users\sk_kh_r8q2uw\desktop\sk\study n stuff\２年生\dx21プロジェクト\後期\3校合同コンテスト\dx22_3校合同\x64\debug\sample.tlog\cl.write.1.tlog
c:\users\sk_kh_r8q2uw\desktop\sk\study n stuff\２年生\dx21プロジェクト\後期\3校合同コンテスト\dx22_3校合同\x64\debug\sample.tlog\link.command.1.tlog
c:\users\sk_kh_r8q2uw\desktop\sk\study n stuff\２年生\dx21プロジェクト\後期\3校合同コンテスト\dx22_3校合同\x64\debug\sample.tlog\link.read.1.tlog
c:\users\sk_kh_r8q2uw\desktop\sk\study n stuff\２年生\dx21プロジェクト\後期\3校合同コンテスト\dx22_3校合同\x64\debug\sample.tlog\link.write.1.tlog
